  Source.cpp
d:\шаг\програмування\class work (oop)\lesson 14 - operation with dynamic memory\lesson 14 - operation with dynamic memory\source.cpp(193): error C2679: binary '=': no operator found which takes a right-hand operand of type 'BusStation<std::string,std::string,int>::Bus<T1,T2,T3> *' (or there is no acceptable conversion)
          with
          [
              T1=std::string,
              T2=std::string,
              T3=int
          ]
  d:\шаг\програмування\class work (oop)\lesson 14 - operation with dynamic memory\lesson 14 - operation with dynamic memory\source.cpp(223): note: could be 'BusStation<std::string,std::string,int> &BusStation<std::string,std::string,int>::operator =(const BusStation<std::string,std::string,int> &)'
  d:\шаг\програмування\class work (oop)\lesson 14 - operation with dynamic memory\lesson 14 - operation with dynamic memory\source.cpp(193): note: while trying to match the argument list '(BusStation<std::string,std::string,int>, BusStation<std::string,std::string,int>::Bus<T1,T2,T3> *)'
          with
          [
              T1=std::string,
              T2=std::string,
              T3=int
          ]
  d:\шаг\програмування\class work (oop)\lesson 14 - operation with dynamic memory\lesson 14 - operation with dynamic memory\source.cpp(188): note: while compiling class template member function 'void BusStation<std::string,std::string,int>::Transfer(const int,BusStation<std::string,std::string,int> &)'
  d:\шаг\програмування\class work (oop)\lesson 14 - operation with dynamic memory\lesson 14 - operation with dynamic memory\source.cpp(291): note: see reference to function template instantiation 'void BusStation<std::string,std::string,int>::Transfer(const int,BusStation<std::string,std::string,int> &)' being compiled
  d:\шаг\програмування\class work (oop)\lesson 14 - operation with dynamic memory\lesson 14 - operation with dynamic memory\source.cpp(256): note: see reference to class template instantiation 'BusStation<std::string,std::string,int>' being compiled
d:\шаг\програмування\class work (oop)\lesson 14 - operation with dynamic memory\lesson 14 - operation with dynamic memory\source.cpp(201): error C2039: 'NextNode': is not a member of 'BusStation<std::string,std::string,int>::Bus<T1,T2,T3>'
          with
          [
              T1=std::string,
              T2=std::string,
              T3=int
          ]
  d:\шаг\програмування\class work (oop)\lesson 14 - operation with dynamic memory\lesson 14 - operation with dynamic memory\source.cpp(100): note: see declaration of 'BusStation<std::string,std::string,int>::Bus<T1,T2,T3>'
          with
          [
              T1=std::string,
              T2=std::string,
              T3=int
          ]
d:\шаг\програмування\class work (oop)\lesson 14 - operation with dynamic memory\lesson 14 - operation with dynamic memory\source.cpp(204): error C2039: 'NextNode': is not a member of 'BusStation<std::string,std::string,int>::Bus<T1,T2,T3>'
          with
          [
              T1=std::string,
              T2=std::string,
              T3=int
          ]
  d:\шаг\програмування\class work (oop)\lesson 14 - operation with dynamic memory\lesson 14 - operation with dynamic memory\source.cpp(100): note: see declaration of 'BusStation<std::string,std::string,int>::Bus<T1,T2,T3>'
          with
          [
              T1=std::string,
              T2=std::string,
              T3=int
          ]
d:\шаг\програмування\class work (oop)\lesson 14 - operation with dynamic memory\lesson 14 - operation with dynamic memory\source.cpp(205): error C2039: 'NextNode': is not a member of 'BusStation<std::string,std::string,int>::Bus<T1,T2,T3>'
          with
          [
              T1=std::string,
              T2=std::string,
              T3=int
          ]
  d:\шаг\програмування\class work (oop)\lesson 14 - operation with dynamic memory\lesson 14 - operation with dynamic memory\source.cpp(100): note: see declaration of 'BusStation<std::string,std::string,int>::Bus<T1,T2,T3>'
          with
          [
              T1=std::string,
              T2=std::string,
              T3=int
          ]
d:\шаг\програмування\class work (oop)\lesson 14 - operation with dynamic memory\lesson 14 - operation with dynamic memory\source.cpp(206): error C2660: 'BusStation<std::string,std::string,int>::AddFirst': function does not take 1 arguments
  d:\шаг\програмування\class work (oop)\lesson 14 - operation with dynamic memory\lesson 14 - operation with dynamic memory\source.cpp(163): note: see declaration of 'BusStation<std::string,std::string,int>::AddFirst'
